Command line invocation:
    /Applications/Xcode_16.4.app/Contents/Developer/usr/bin/xcodebuild archive -workspace ./LoudAlarmClock.xcworkspace -scheme LoudAlarmClock -configuration Release -destination generic/platform=iOS -archivePath /Users/runner/work/Loud_Alarm_Clock/Loud_Alarm_Clock/build.xcarchive

ComputePackagePrebuildTargetDependencyGraph

Prepare packages

CreateBuildRequest

SendProjectDescription

CreateBuildOperation

ComputeTargetDependencyGraph
note: Building targets in dependency order
note: Target dependency graph (6 targets)
    Target 'LoudAlarmClock' in project 'LoudAlarmClock'
        ➜ Implicit dependency on target 'Pods-LoudAlarmClock' in project 'Pods' via file 'Pods_LoudAlarmClock.framework' in build phase 'Link Binary'
        ➜ Implicit dependency on target 'LHLSubscription' in project 'Pods' via options '-framework LHLSubscription' in build setting 'OTHER_LDFLAGS'
    Target 'Pods-LoudAlarmClock' in project 'Pods'
        ➜ Explicit dependency on target 'LHLSubscription' in project 'Pods'
        ➜ Explicit dependency on target 'UMAPM' in project 'Pods'
        ➜ Explicit dependency on target 'UMCommon' in project 'Pods'
        ➜ Explicit dependency on target 'UMDevice' in project 'Pods'
    Target 'LHLSubscription' in project 'Pods'
        ➜ Explicit dependency on target 'UMAPM' in project 'Pods'
        ➜ Explicit dependency on target 'UMCommon' in project 'Pods'
        ➜ Explicit dependency on target 'UMDevice' in project 'Pods'
    Target 'UMAPM' in project 'Pods'
        ➜ Explicit dependency on target 'UMCommon' in project 'Pods'
    Target 'UMCommon' in project 'Pods'
        ➜ Explicit dependency on target 'UMDevice' in project 'Pods'
    Target 'UMDevice' in project 'Pods' (no dependencies)

GatherProvisioningInputs

CreateBuildDescription

ExecuteExternalTool /Applications/Xcode_16.4.app/Contents/Developer/Toolchains/XcodeDefault.xctoolchain/usr/bin/clang -v -E -dM -arch arm64 -isysroot /Applications/Xcode_16.4.app/Contents/Developer/Platforms/iPhoneOS.platform/Developer/SDKs/iPhoneOS18.5.sdk -x c -c /dev/null

ExecuteExternalTool /Applications/Xcode_16.4.app/Contents/Developer/Toolchains/XcodeDefault.xctoolchain/usr/bin/clang -v -E -dM -isysroot /Applications/Xcode_16.4.app/Contents/Developer/Platforms/iPhoneOS.platform/Developer/SDKs/iPhoneOS18.5.sdk -x c -c /dev/null

ExecuteExternalTool /Applications/Xcode_16.4.app/Contents/Developer/Toolchains/XcodeDefault.xctoolchain/usr/bin/clang -v -E -dM -arch arm64 -isysroot /Applications/Xcode_16.4.app/Contents/Developer/Platforms/iPhoneOS.platform/Developer/SDKs/iPhoneOS18.5.sdk -x objective-c -c /dev/null

ExecuteExternalTool /Applications/Xcode_16.4.app/Contents/Developer/usr/bin/actool --print-asset-tag-combinations --output-format xml1 /Users/runner/work/Loud_Alarm_Clock/Loud_Alarm_Clock/LoudAlarmClock/Resources/Assets.xcassets

ExecuteExternalTool /Applications/Xcode_16.4.app/Contents/Developer/Toolchains/XcodeDefault.xctoolchain/usr/bin/swiftc --version

ExecuteExternalTool /Applications/Xcode_16.4.app/Contents/Developer/Toolchains/XcodeDefault.xctoolchain/usr/bin/libtool -V

ExecuteExternalTool /Applications/Xcode_16.4.app/Contents/Developer/usr/bin/actool --version --output-format xml1

ExecuteExternalTool /Applications/Xcode_16.4.app/Contents/Developer/Toolchains/XcodeDefault.xctoolchain/usr/bin/ld -version_details

Build description signature: da840657d379b176ede70746f1645757
Build description path: /Users/runner/Library/Developer/Xcode/DerivedData/LoudAlarmClock-bxukskvolecsqnapbhlcghkrsrql/Build/Intermediates.noindex/ArchiveIntermediates/LoudAlarmClock/IntermediateBuildFilesPath/XCBuildData/da840657d379b176ede70746f1645757.xcbuilddata
note: Disabling previews because SWIFT_VERSION is set and SWIFT_OPTIMIZATION_LEVEL=-O, expected -Onone (in target 'LHLSubscription' from project 'Pods')
note: Disabling previews because SWIFT_VERSION is set and SWIFT_OPTIMIZATION_LEVEL=-O, expected -Onone (in target 'UMCommon' from project 'Pods')
/Users/runner/work/Loud_Alarm_Clock/Loud_Alarm_Clock/LoudAlarmClock.xcodeproj: error: Provisioning profile "appstore-6758512394-20260212011213706" doesn't support the WeatherKit capability.  (in target 'LoudAlarmClock' from project 'LoudAlarmClock')
/Users/runner/work/Loud_Alarm_Clock/Loud_Alarm_Clock/LoudAlarmClock.xcodeproj: error: Provisioning profile "appstore-6758512394-20260212011213706" doesn't include the com.apple.developer.weatherkit entitlement. Profile qualification is using entitlement definitions that may be out of date. Connect to network to update. (in target 'LoudAlarmClock' from project 'LoudAlarmClock')
note: Disabling previews because SWIFT_VERSION is set and SWIFT_OPTIMIZATION_LEVEL=-O, expected -Onone (in target 'LoudAlarmClock' from project 'LoudAlarmClock')
warning: Traditional headermap style is no longer supported; please migrate to using separate headermaps and set 'ALWAYS_SEARCH_USER_PATHS' to NO. (in target 'LoudAlarmClock' from project 'LoudAlarmClock')
note: Disabling previews because SWIFT_VERSION is set and SWIFT_OPTIMIZATION_LEVEL=-O, expected -Onone (in target 'UMAPM' from project 'Pods')
note: Disabling previews because SWIFT_VERSION is set and SWIFT_OPTIMIZATION_LEVEL=-O, expected -Onone (in target 'UMDevice' from project 'Pods')
note: Disabling previews because SWIFT_VERSION is set and SWIFT_OPTIMIZATION_LEVEL=-O, expected -Onone (in target 'Pods-LoudAlarmClock' from project 'Pods')
** ARCHIVE FAILED **


The following build commands failed:
	Archiving workspace LoudAlarmClock with scheme LoudAlarmClock
(1 failure)
